<?xml version="1.0" encoding="UTF-8"?>
<!-- Generated by org.testng.reporters.JUnitReportReporter -->
<testsuite hostname="LAPTOP-QKCURUKN" failures="0" tests="1" name="com.quantum.Login" time="10.456" errors="0" timestamp="2024-05-03T21:57:53 IST" skipped="0">
  <testcase classname="com.quantum.Login" name="DeactivateUser" time="10.456"/>
</testsuite> <!-- com.quantum.Login -->
